2026-02-18 16:51:52,662 - INFO - ================================================================================
2026-02-18 16:51:52,662 - INFO -                      Argoverse 1.1 离线预处理 (Dense Tensor 版本)                      
2026-02-18 16:51:52,662 - INFO - ================================================================================
2026-02-18 16:51:52,663 - INFO - 
2026-02-18 16:51:52,663 - INFO - 配置:
2026-02-18 16:51:52,663 - INFO -   数据目录: /root/vc/data/train/data
2026-02-18 16:51:52,663 - INFO -   输出目录: /root/devdata/Dense-HiVT/data/processed/train
2026-02-18 16:51:52,663 - INFO -   查询半径: 100.0m
2026-02-18 16:51:52,663 - INFO -   MAX_AGENTS: 64
2026-02-18 16:51:52,663 - INFO -   MAX_LANES: 256
2026-02-18 16:51:52,663 - INFO -   MAX_POINTS_PER_LANE: 10
2026-02-18 16:51:52,663 - INFO - 
2026-02-18 16:51:52,664 - INFO - 初始化 Argoverse Map API...
2026-02-18 16:51:53,508 - INFO - Loaded root: ArgoverseVectorMap
2026-02-18 16:51:55,783 - INFO - Loaded root: ArgoverseVectorMap
2026-02-18 16:52:01,315 - INFO - ✓ Map API 初始化成功
2026-02-18 16:52:04,117 - INFO - 找到 205942 个 CSV 文件
2026-02-18 16:52:04,117 - INFO - 
2026-02-18 16:52:04,118 - INFO - 开始处理场景...
2026-02-19 00:28:20,815 - INFO - 
2026-02-19 00:28:20,816 - INFO - ================================================================================
2026-02-19 00:28:20,816 - INFO -                                      处理完成!                                      
2026-02-19 00:28:20,817 - INFO - ================================================================================
2026-02-19 00:28:20,817 - INFO -   成功: 205942 个场景
2026-02-19 00:28:20,817 - INFO -   失败: 0 个场景
2026-02-19 00:28:20,817 - INFO -   输出目录: /root/devdata/Dense-HiVT/data/processed/train
2026-02-19 00:28:20,817 - INFO - ================================================================================
